<?xml version="1.0" encoding="ISO-8859-1"?>
<Policy version="0.1" type="value" model="model.pomdpx" xmlns:xsi="http://www.w3.org/2001/XMLSchema-instance" xsi:noNamespaceSchemaLocation="policyx.xsd">
<AlphaVector vectorLength="4" numObsValue="1" numVectors="216">
<Vector action="1" obsValue="0">11.3694 17.4993 26.5784 0 </Vector>
<Vector action="0" obsValue="0">26.7293 10.5303 18.9967 0 </Vector>
<Vector action="0" obsValue="0">14.7363 13.5656 32.8624 0 </Vector>
<Vector action="0" obsValue="0">15.0175 11.7224 33.9753 0 </Vector>
<Vector action="1" obsValue="0">13.0727 19.1468 18.4985 0 </Vector>
<Vector action="0" obsValue="0">26.7477 10.5309 18.9902 0 </Vector>
<Vector action="1" obsValue="0">22.478 17.4698 16.7335 0 </Vector>
<Vector action="0" obsValue="0">26.7341 10.4458 19.6408 0 </Vector>
<Vector action="1" obsValue="0">15.3566 17.4587 26.5086 0 </Vector>
<Vector action="0" obsValue="0">15.2792 13.5718 32.8511 0 </Vector>
<Vector action="0" obsValue="0">18.5887 11.2269 33.7229 0 </Vector>
<Vector action="1" obsValue="0">16.3313 19.0077 18.7431 0 </Vector>
<Vector action="1" obsValue="0">16.4045 19.0203 18.546 0 </Vector>
<Vector action="0" obsValue="0">13.0004 13.2239 33.1219 0 </Vector>
<Vector action="0" obsValue="0">26.8444 10.3816 19.5289 0 </Vector>
<Vector action="1" obsValue="0">15.4412 17.4602 26.5073 0 </Vector>
<Vector action="0" obsValue="0">18.665 11.2234 33.7182 0 </Vector>
<Vector action="0" obsValue="0">26.847 10.3809 19.526 0 </Vector>
<Vector action="0" obsValue="0">18.6667 11.2234 33.7181 0 </Vector>
<Vector action="0" obsValue="0">26.6737 9.82131 21.089 0 </Vector>
<Vector action="1" obsValue="0">13.0432 19.1468 18.7034 0 </Vector>
<Vector action="1" obsValue="0">16.3824 19.0207 18.7415 0 </Vector>
<Vector action="0" obsValue="0">26.8429 10.3797 19.5598 0 </Vector>
<Vector action="0" obsValue="0">18.5429 11.1599 33.7759 0 </Vector>
<Vector action="0" obsValue="0">26.6695 9.82008 21.1228 0 </Vector>
<Vector action="0" obsValue="0">26.8584 10.4654 18.8759 0 </Vector>
<Vector action="1" obsValue="0">12.0895 17.588 26.4617 0 </Vector>
<Vector action="0" obsValue="0">26.8584 10.4655 18.8768 0 </Vector>
<Vector action="1" obsValue="0">15.4431 17.4602 26.5072 0 </Vector>
<Vector action="1" obsValue="0">15.4431 17.4602 26.5072 0 </Vector>
<Vector action="0" obsValue="0">20.7048 15.4233 26.5543 0 </Vector>
<Vector action="0" obsValue="0">20.7044 15.4235 26.5545 0 </Vector>
<Vector action="1" obsValue="0">16.3849 19.0204 18.7407 0 </Vector>
<Vector action="0" obsValue="0">26.847 10.3809 19.526 0 </Vector>
<Vector action="1" obsValue="0">15.452 17.4627 26.4967 0 </Vector>
<Vector action="1" obsValue="0">22.4693 17.4729 16.7823 0 </Vector>
<Vector action="0" obsValue="0">14.4743 11.6715 34.041 0 </Vector>
<Vector action="1" obsValue="0">22.4693 17.4729 16.7823 0 </Vector>
<Vector action="0" obsValue="0">26.8607 10.4618 18.8437 0 </Vector>
<Vector action="0" obsValue="0">18.5401 11.1598 33.7774 0 </Vector>
<Vector action="0" obsValue="0">18.8655 13.0674 32.5929 0 </Vector>
<Vector action="0" obsValue="0">18.8643 13.0664 32.595 0 </Vector>
<Vector action="0" obsValue="0">18.8643 13.0664 32.595 0 </Vector>
<Vector action="0" obsValue="0">26.8618 10.4596 18.8322 0 </Vector>
<Vector action="0" obsValue="0">18.8656 13.0674 32.5929 0 </Vector>
<Vector action="0" obsValue="0">14.839 13.6142 32.8439 0 </Vector>
<Vector action="0" obsValue="0">13.192 11.3578 34.2531 0 </Vector>
<Vector action="1" obsValue="0">16.3824 19.0207 18.7416 0 </Vector>
<Vector action="0" obsValue="0">18.8656 13.0674 32.5929 0 </Vector>
<Vector action="0" obsValue="0">15.2912 13.5733 32.851 0 </Vector>
<Vector action="0" obsValue="0">14.2785 13.5371 32.9106 0 </Vector>
<Vector action="1" obsValue="0">12.0895 17.588 26.4617 0 </Vector>
<Vector action="0" obsValue="0">14.2785 13.5371 32.9106 0 </Vector>
<Vector action="0" obsValue="0">26.847 10.3809 19.526 0 </Vector>
<Vector action="0" obsValue="0">15.2912 13.5733 32.851 0 </Vector>
<Vector action="0" obsValue="0">18.6639 11.2233 33.7195 0 </Vector>
<Vector action="0" obsValue="0">15.9391 13.7428 32.5479 0 </Vector>
<Vector action="1" obsValue="0">15.4431 17.4602 26.5072 0 </Vector>
<Vector action="0" obsValue="0">18.8642 13.0664 32.595 0 </Vector>
<Vector action="0" obsValue="0">26.8469 10.3811 19.5268 0 </Vector>
<Vector action="0" obsValue="0">15.9391 13.7428 32.5479 0 </Vector>
<Vector action="0" obsValue="0">18.7602 11.3077 33.6659 0 </Vector>
<Vector action="1" obsValue="0">15.4546 17.4625 26.4959 0 </Vector>
<Vector action="0" obsValue="0">18.8658 13.0673 32.5927 0 </Vector>
<Vector action="0" obsValue="0">26.6695 9.82022 21.1237 0 </Vector>
<Vector action="0" obsValue="0">18.5401 11.1598 33.7774 0 </Vector>
<Vector action="1" obsValue="0">16.3824 19.0207 18.7415 0 </Vector>
<Vector action="1" obsValue="0">15.452 17.4627 26.4967 0 </Vector>
<Vector action="0" obsValue="0">18.8614 13.0664 32.5964 0 </Vector>
<Vector action="0" obsValue="0">26.8584 10.4655 18.8768 0 </Vector>
<Vector action="0" obsValue="0">18.8614 13.0664 32.5964 0 </Vector>
<Vector action="0" obsValue="0">18.5401 11.1598 33.7774 0 </Vector>
<Vector action="0" obsValue="0">26.841 10.3807 19.5655 0 </Vector>
<Vector action="0" obsValue="0">18.4852 11.1613 33.7855 0 </Vector>
<Vector action="0" obsValue="0">26.5885 9.84583 21.3202 0 </Vector>
<Vector action="0" obsValue="0">16.1107 11.1168 34.1078 0 </Vector>
<Vector action="0" obsValue="0">15.2912 13.5733 32.8511 0 </Vector>
<Vector action="1" obsValue="0">15.4431 17.4602 26.5073 0 </Vector>
<Vector action="0" obsValue="0">26.8504 10.3849 19.4958 0 </Vector>
<Vector action="0" obsValue="0">26.8584 10.4655 18.8768 0 </Vector>
<Vector action="1" obsValue="0">15.4546 17.4625 26.4959 0 </Vector>
<Vector action="0" obsValue="0">18.8682 13.0677 32.5915 0 </Vector>
<Vector action="0" obsValue="0">26.8618 10.4596 18.8323 0 </Vector>
<Vector action="1" obsValue="0">16.385 19.0204 18.7407 0 </Vector>
<Vector action="0" obsValue="0">26.8411 10.3807 19.5655 0 </Vector>
<Vector action="1" obsValue="0">16.3824 19.0207 18.7414 0 </Vector>
<Vector action="0" obsValue="0">18.867 13.0669 32.5937 0 </Vector>
<Vector action="0" obsValue="0">26.8504 10.3849 19.4958 0 </Vector>
<Vector action="0" obsValue="0">18.7602 11.3077 33.6659 0 </Vector>
<Vector action="1" obsValue="0">15.4458 17.4605 26.5068 0 </Vector>
<Vector action="0" obsValue="0">26.8504 10.3849 19.4958 0 </Vector>
<Vector action="1" obsValue="0">16.3824 19.0207 18.7415 0 </Vector>
<Vector action="1" obsValue="0">23.1013 10.0969 29.3975 0 </Vector>
<Vector action="0" obsValue="0">16.1107 11.1169 34.1077 0 </Vector>
<Vector action="1" obsValue="0">16.385 19.0204 18.7407 0 </Vector>
<Vector action="0" obsValue="0">15.2915 13.5734 32.851 0 </Vector>
<Vector action="0" obsValue="0">18.8679 13.0678 32.5917 0 </Vector>
<Vector action="1" obsValue="0">15.4521 17.4627 26.4966 0 </Vector>
<Vector action="1" obsValue="0">16.385 19.0204 18.7407 0 </Vector>
<Vector action="0" obsValue="0">26.8584 10.4655 18.8768 0 </Vector>
<Vector action="0" obsValue="0">14.474 11.6716 34.041 0 </Vector>
<Vector action="0" obsValue="0">26.8584 10.4655 18.8767 0 </Vector>
<Vector action="0" obsValue="0">16.0514 11.1352 34.1079 0 </Vector>
<Vector action="0" obsValue="0">13.1952 11.3583 34.2529 0 </Vector>
<Vector action="0" obsValue="0">14.839 13.6142 32.8439 0 </Vector>
<Vector action="1" obsValue="0">12.0895 17.5881 26.4617 0 </Vector>
<Vector action="1" obsValue="0">22.4925 17.4339 16.8275 0 </Vector>
<Vector action="0" obsValue="0">16.0516 11.135 34.1079 0 </Vector>
<Vector action="0" obsValue="0">26.8411 10.3807 19.5655 0 </Vector>
<Vector action="1" obsValue="0">22.4481 17.4697 16.9384 0 </Vector>
<Vector action="0" obsValue="0">13.1949 11.3583 34.2529 0 </Vector>
<Vector action="0" obsValue="0">13.1945 11.358 34.253 0 </Vector>
<Vector action="0" obsValue="0">13.1943 11.3582 34.253 0 </Vector>
<Vector action="1" obsValue="0">16.3824 19.0207 18.7415 0 </Vector>
<Vector action="0" obsValue="0">13.1952 11.3583 34.2529 0 </Vector>
<Vector action="0" obsValue="0">16.1107 11.1169 34.1077 0 </Vector>
<Vector action="0" obsValue="0">13.1943 11.3582 34.253 0 </Vector>
<Vector action="0" obsValue="0">14.8422 13.6147 32.8433 0 </Vector>
<Vector action="1" obsValue="0">12.1128 17.5889 26.4585 0 </Vector>
<Vector action="0" obsValue="0">15.0346 11.7484 33.9743 0 </Vector>
<Vector action="0" obsValue="0">14.8436 13.6143 32.8436 0 </Vector>
<Vector action="1" obsValue="0">12.1235 17.588 26.46 0 </Vector>
<Vector action="0" obsValue="0">15.0345 11.7486 33.9743 0 </Vector>
<Vector action="1" obsValue="0">15.4458 17.4605 26.5068 0 </Vector>
<Vector action="1" obsValue="0">16.3851 19.0204 18.7407 0 </Vector>
<Vector action="1" obsValue="0">13.0432 19.1468 18.7033 0 </Vector>
<Vector action="0" obsValue="0">26.8585 10.4653 18.8751 0 </Vector>
<Vector action="1" obsValue="0">22.4925 17.4339 16.8275 0 </Vector>
<Vector action="1" obsValue="0">12.1235 17.588 26.46 0 </Vector>
<Vector action="1" obsValue="0">22.4481 17.4697 16.9384 0 </Vector>
<Vector action="0" obsValue="0">13.1945 11.358 34.253 0 </Vector>
<Vector action="0" obsValue="0">18.867 13.0669 32.5937 0 </Vector>
<Vector action="1" obsValue="0">16.3824 19.0207 18.7415 0 </Vector>
<Vector action="0" obsValue="0">14.474 11.6716 34.041 0 </Vector>
<Vector action="0" obsValue="0">26.8618 10.4595 18.8315 0 </Vector>
<Vector action="1" obsValue="0">16.3826 19.0207 18.7415 0 </Vector>
<Vector action="0" obsValue="0">26.8585 10.4653 18.8751 0 </Vector>
<Vector action="1" obsValue="0">16.3826 19.0207 18.7415 0 </Vector>
<Vector action="0" obsValue="0">15.9395 13.7429 32.5478 0 </Vector>
<Vector action="0" obsValue="0">18.867 13.0669 32.5937 0 </Vector>
<Vector action="0" obsValue="0">26.8618 10.4595 18.8315 0 </Vector>
<Vector action="0" obsValue="0">15.4902 13.7842 32.5401 0 </Vector>
<Vector action="0" obsValue="0">14.5703 11.7559 33.9873 0 </Vector>
<Vector action="0" obsValue="0">15.9395 13.7429 32.5478 0 </Vector>
<Vector action="0" obsValue="0">26.8537 10.3791 19.4521 0 </Vector>
<Vector action="1" obsValue="0">15.4546 17.4625 26.4959 0 </Vector>
<Vector action="0" obsValue="0">18.867 13.0669 32.5937 0 </Vector>
<Vector action="0" obsValue="0">19.1302 10.9724 33.637 0 </Vector>
<Vector action="1" obsValue="0">22.4785 17.4721 16.7331 0 </Vector>
<Vector action="0" obsValue="0">26.8618 10.4595 18.8315 0 </Vector>
<Vector action="0" obsValue="0">13.1943 11.3582 34.253 0 </Vector>
<Vector action="1" obsValue="0">16.3851 19.0204 18.7407 0 </Vector>
<Vector action="0" obsValue="0">26.8504 10.3849 19.4958 0 </Vector>
<Vector action="0" obsValue="0">18.867 13.0669 32.5937 0 </Vector>
<Vector action="0" obsValue="0">15.0345 11.7486 33.9743 0 </Vector>
<Vector action="1" obsValue="0">22.4785 17.4721 16.7331 0 </Vector>
<Vector action="1" obsValue="0">23.1013 10.0969 29.3975 0 </Vector>
<Vector action="0" obsValue="0">16.0516 11.135 34.1079 0 </Vector>
<Vector action="0" obsValue="0">18.8759 13.0624 32.5882 0 </Vector>
<Vector action="0" obsValue="0">26.8624 10.3412 19.4309 0 </Vector>
<Vector action="0" obsValue="0">18.8679 13.0678 32.5917 0 </Vector>
<Vector action="0" obsValue="0">13.1949 11.3583 34.2529 0 </Vector>
<Vector action="0" obsValue="0">26.8504 10.3849 19.4958 0 </Vector>
<Vector action="0" obsValue="0">19.1294 10.9722 33.6375 0 </Vector>
<Vector action="0" obsValue="0">26.8624 10.3413 19.4312 0 </Vector>
<Vector action="0" obsValue="0">18.8758 13.0624 32.5882 0 </Vector>
<Vector action="0" obsValue="0">13.2005 11.3578 34.2528 0 </Vector>
<Vector action="0" obsValue="0">26.8584 10.4655 18.8767 0 </Vector>
<Vector action="0" obsValue="0">18.8618 13.0665 32.5963 0 </Vector>
<Vector action="0" obsValue="0">13.1953 11.3582 34.2529 0 </Vector>
<Vector action="0" obsValue="0">18.8618 13.0665 32.5963 0 </Vector>
<Vector action="0" obsValue="0">26.8584 10.4655 18.8767 0 </Vector>
<Vector action="0" obsValue="0">26.8504 10.3849 19.4958 0 </Vector>
<Vector action="0" obsValue="0">18.7602 11.3077 33.6659 0 </Vector>
<Vector action="1" obsValue="0">16.3824 19.0207 18.7415 0 </Vector>
<Vector action="0" obsValue="0">13.1943 11.3582 34.253 0 </Vector>
<Vector action="0" obsValue="0">16.1107 11.1169 34.1077 0 </Vector>
<Vector action="0" obsValue="0">13.1943 11.3582 34.253 0 </Vector>
<Vector action="1" obsValue="0">22.4481 17.4697 16.9384 0 </Vector>
<Vector action="0" obsValue="0">15.9395 13.7429 32.5478 0 </Vector>
<Vector action="1" obsValue="0">16.3824 19.0207 18.7415 0 </Vector>
<Vector action="1" obsValue="0">15.4546 17.4625 26.4959 0 </Vector>
<Vector action="0" obsValue="0">18.8682 13.0677 32.5915 0 </Vector>
<Vector action="0" obsValue="0">13.1952 11.3583 34.2529 0 </Vector>
<Vector action="5" obsValue="0">-35 -20 45 0 </Vector>
<Vector action="0" obsValue="0">15.0346 11.7484 33.9743 0 </Vector>
<Vector action="1" obsValue="0">22.4785 17.4721 16.7331 0 </Vector>
<Vector action="1" obsValue="0">12.1128 17.5889 26.4585 0 </Vector>
<Vector action="0" obsValue="0">14.8422 13.6147 32.8433 0 </Vector>
<Vector action="0" obsValue="0">13.2003 11.3579 34.2527 0 </Vector>
<Vector action="0" obsValue="0">26.5903 9.84399 21.3199 0 </Vector>
<Vector action="3" obsValue="0">35 -25 -80 0 </Vector>
<Vector action="1" obsValue="0">22.4481 17.4697 16.9383 0 </Vector>
<Vector action="0" obsValue="0">14.8436 13.6143 32.8436 0 </Vector>
<Vector action="1" obsValue="0">22.4481 17.4697 16.9383 0 </Vector>
<Vector action="0" obsValue="0">26.8504 10.3849 19.4958 0 </Vector>
<Vector action="1" obsValue="0">15.4458 17.4605 26.5068 0 </Vector>
<Vector action="0" obsValue="0">15.2915 13.5734 32.851 0 </Vector>
<Vector action="0" obsValue="0">18.4865 11.1612 33.7855 0 </Vector>
<Vector action="0" obsValue="0">18.867 13.0669 32.5937 0 </Vector>
<Vector action="0" obsValue="0">26.8504 10.3849 19.4957 0 </Vector>
<Vector action="0" obsValue="0">18.7602 11.3077 33.6659 0 </Vector>
<Vector action="0" obsValue="0">26.8428 10.3799 19.5607 0 </Vector>
<Vector action="0" obsValue="0">18.5401 11.1599 33.7774 0 </Vector>
<Vector action="4" obsValue="0">-15 30 -45 0 </Vector>
<Vector action="1" obsValue="0">16.3851 19.0204 18.7407 0 </Vector>
<Vector action="1" obsValue="0">21.5177 15.9117 24.6935 0 </Vector>
<Vector action="0" obsValue="0">26.6695 9.82023 21.1237 0 </Vector>
<Vector action="0" obsValue="0">18.5401 11.1599 33.7774 0 </Vector>
<Vector action="0" obsValue="0">26.8428 10.3799 19.5607 0 </Vector>
<Vector action="0" obsValue="0">18.7602 11.3077 33.6659 0 </Vector>
<Vector action="0" obsValue="0">26.8504 10.3849 19.4957 0 </Vector>
<Vector action="0" obsValue="0">18.867 13.0669 32.5937 0 </Vector>
<Vector action="0" obsValue="0">13.1945 11.358 34.253 0 </Vector>
<Vector action="1" obsValue="0">22.4481 17.4697 16.9384 0 </Vector>
<Vector action="0" obsValue="0">26.8411 10.3807 19.5655 0 </Vector>
</AlphaVector> </Policy>
